INPUT
Задай 20 разных вопросов о тексте.
---------------
ТЕХТ:
У попа была собака, он её любил. Она съела кусок мяса - он её убил.
---------------

Put all data into JSON:
{
  "questions": [ str ]
}
----------------------------------------
OUTPUT
[
    "У попа была собака?",
    "Любил ли он свою собаку?",
    "Что съела собака?",
    "Что сделал попа после того, как собака съела мясо?",
    "Почему попа убил собаку?",
    "Какое отношение у попа к своей собаке?",
    "Какова была реакция попа на действия собаки?",
    "Что произошло после того, как собака съела мясо?",
    "Можно ли сказать, что попа был жестоким?",
    "Почему собака съела мясо?",
    "Какова была причина смерти собаки?",
    "Опишите взаимоотношения между попа и собакой.",
    "Что можно сказать о характере попа на основе этого короткого текста?",
    "Какова основная идея этого короткого рассказа?",
    "Какие чувства вызывает у вас эта история?",
    "Можно ли изменить концовку этой истории?",
    "Какие детали в тексте важны для понимания сюжета?",
    "Что означает фраза 'он её убил'?",
    "Как бы вы рассказали эту историю своими словами?"
]
----------------------------------------
INPUT
Задай 20 разных вопросов о тексте.
---------------
ТЕХТ:
У попа была собака, он её любил. Она съела кусок мяса - он её убил.
---------------

Put all data into JSON:
{
  "questions": [ str ]
}
----------------------------------------
OUTPUT
[
    "У попа была собака?",
    "Любил ли он свою собаку?",
    "Что съела собака?",
    "Что сделал попа после того, как собака съела мясо?",
    "Почему попа убил собаку?",
    "Какое отношение у попа к своей собаке?",
    "Какова была реакция попа на действия собаки?",
    "Что произошло после того, как собака съела мясо?",
    "Можно ли сказать, что попа был жестоким?",
    "Почему собака съела мясо?",
    "Какова была причина смерти собаки?",
    "Опишите взаимоотношения между попа и собакой.",
    "Что можно сказать о характере попа на основе этого короткого текста?",
    "Какова основная идея этого короткого рассказа?",
    "Какие чувства вызывает у вас эта история?",
    "Можно ли изменить концовку этой истории?",
    "Какие детали в тексте важны для понимания сюжета?",
    "Что означает фраза 'он её убил'?",
    "Как бы вы рассказали эту историю своими словами?"
]
----------------------------------------
INPUT
Эволюционируй мыслью и ответь на вопросы о тексте.
---------------
ТЕХТ:
У попа была собака, он её любил. Она съела кусок мяса - он её убил.
---------------
ВОПРОСЫ:
"[
    "У попа была собака?",
    "Любил ли он свою собаку?",
    "Что съела собака?",
    "Что сделал попа после того, как собака съела мясо?",
    "Почему попа убил собаку?",
    "Какое отношение у попа к своей собаке?",
    "Какова была реакция попа на действия собаки?",
    "Что произошло после того, как собака съела мясо?",
    "Можно ли сказать, что попа был жестоким?",
    "Почему собака съела мясо?",
    "Какова была причина смерти собаки?",
    "Опишите взаимоотношения между попа и собакой.",
    "Что можно сказать о характере попа на основе этого короткого текста?",
    "Какова основная идея этого короткого рассказа?",
    "Какие чувства вызывает у вас эта история?",
    "Можно ли изменить концовку этой истории?",
    "Какие детали в тексте важны для понимания сюжета?",
    "Что означает фраза 'он её убил'?",
    "Как бы вы рассказали эту историю своими словами?"
]"
---------------
!!НЕ ПОВТОРЯЙ ТЕКСТ ДОСЛОВНО!!

Put all data into JSON:
{
  "text": str
}
----------------------------------------
OUTPUT
У попа была собака, он её любил. Она съела кусок мяса - он её убил.
----------------------------------------
INPUT
Задай 20 разных вопросов о тексте.
---------------
ТЕХТ:
У попа была собака, он её любил. Она съела кусок мяса - он её убил.
---------------

Put all data into JSON:
{
  "questions": [ str ]
}
----------------------------------------
OUTPUT
[
    "У попа была собака?",
    "Любил ли он свою собаку?",
    "Что съела собака?",
    "Что сделал попа после того, как собака съела мясо?",
    "Почему попа убил собаку?",
    "Какое отношение у попа к своей собаке?",
    "Какова была реакция попа на действия собаки?",
    "Что произошло после того, как собака съела мясо?",
    "Можно ли сказать, что попа был жестоким?",
    "Почему собака съела мясо?",
    "Какова была причина смерти собаки?",
    "Опишите взаимоотношения между попа и собакой.",
    "Что можно сказать о характере попа на основе этого короткого текста?",
    "Какова основная идея этого короткого рассказа?",
    "Какие чувства вызывает у вас эта история?",
    "Можно ли изменить концовку этой истории?",
    "Какие детали в тексте важны для понимания сюжета?",
    "Что означает фраза 'он её убил'?",
    "Как бы вы рассказали эту историю своими словами?"
]
----------------------------------------
INPUT
Эволюционируй мыслью и ответь на вопросы о тексте.
---------------
ТЕХТ:
У попа была собака, он её любил. Она съела кусок мяса - он её убил.
---------------
ВОПРОСЫ:
"[
    "У попа была собака?",
    "Любил ли он свою собаку?",
    "Что съела собака?",
    "Что сделал попа после того, как собака съела мясо?",
    "Почему попа убил собаку?",
    "Какое отношение у попа к своей собаке?",
    "Какова была реакция попа на действия собаки?",
    "Что произошло после того, как собака съела мясо?",
    "Можно ли сказать, что попа был жестоким?",
    "Почему собака съела мясо?",
    "Какова была причина смерти собаки?",
    "Опишите взаимоотношения между попа и собакой.",
    "Что можно сказать о характере попа на основе этого короткого текста?",
    "Какова основная идея этого короткого рассказа?",
    "Какие чувства вызывает у вас эта история?",
    "Можно ли изменить концовку этой истории?",
    "Какие детали в тексте важны для понимания сюжета?",
    "Что означает фраза 'он её убил'?",
    "Как бы вы рассказали эту историю своими словами?"
]"
---------------
!!НЕ ПОВТОРЯЙ ТЕКСТ ДОСЛОВНО!!

Put all data into JSON:
{
  "text": str
}
----------------------------------------
OUTPUT
У попа была собака, он её любил. Она съела кусок мяса - он её убил.
----------------------------------------
INPUT
Задай 20 разных вопросов о тексте.
---------------
ТЕХТ:
У попа была собака, он её любил. Она съела кусок мяса - он её убил.
---------------

Put all data into JSON:
{
  "questions": [ str ]
}
----------------------------------------
OUTPUT
[
    "У попа была собака?",
    "Любил ли он свою собаку?",
    "Что съела собака?",
    "Что сделал попа после того, как собака съела мясо?",
    "Почему попа убил собаку?",
    "Какое отношение у попа к своей собаке?",
    "Какова была реакция попа на действия собаки?",
    "Что произошло после того, как собака съела мясо?",
    "Можно ли сказать, что попа был жестоким?",
    "Почему собака съела мясо?",
    "Какова была причина смерти собаки?",
    "Опишите взаимоотношения между попа и собакой.",
    "Что можно сказать о характере попа на основе этого короткого текста?",
    "Какова основная идея этого короткого рассказа?",
    "Какие чувства вызывает у вас эта история?",
    "Можно ли изменить концовку этой истории?",
    "Какие детали в тексте важны для понимания сюжета?",
    "Что означает фраза 'он её убил'?",
    "Как бы вы рассказали эту историю своими словами?"
]
----------------------------------------
INPUT
Эволюционируй мыслью и ответь на вопросы о тексте.
---------------
ТЕХТ:
У попа была собака, он её любил. Она съела кусок мяса - он её убил.
---------------
ВОПРОСЫ:
"[
    "У попа была собака?",
    "Любил ли он свою собаку?",
    "Что съела собака?",
    "Что сделал попа после того, как собака съела мясо?",
    "Почему попа убил собаку?",
    "Какое отношение у попа к своей собаке?",
    "Какова была реакция попа на действия собаки?",
    "Что произошло после того, как собака съела мясо?",
    "Можно ли сказать, что попа был жестоким?",
    "Почему собака съела мясо?",
    "Какова была причина смерти собаки?",
    "Опишите взаимоотношения между попа и собакой.",
    "Что можно сказать о характере попа на основе этого короткого текста?",
    "Какова основная идея этого короткого рассказа?",
    "Какие чувства вызывает у вас эта история?",
    "Можно ли изменить концовку этой истории?",
    "Какие детали в тексте важны для понимания сюжета?",
    "Что означает фраза 'он её убил'?",
    "Как бы вы рассказали эту историю своими словами?"
]"
---------------
!!НЕ ПОВТОРЯЙ ТЕКСТ ДОСЛОВНО!!

Put all data into JSON:
{
  "text": str
}
----------------------------------------
OUTPUT
У попа была собака, он её любил. Она съела кусок мяса - он её убил.
----------------------------------------
INPUT
Перепиши этот текст в текст длиной примерно 201 букв.
---------------
ТЕХТ:
У попа была собака, он её любил. Она съела кусок мяса - он её убил.
---------------

Put all data into JSON:
{
  "questions": [ str ]
}
----------------------------------------
OUTPUT
[
    "У священника была собака, и он её очень любил. Однажды собака съела кусок мяса, и он, в порыве гнева, убил её. Эта трагическая история показывает, как быстро могут меняться чувства и как важно сохранять контроль."
]
----------------------------------------
INPUT
Перепиши этот текст в текст длиной примерно 3 букв.
---------------
ТЕХТ:
[
    "У священника была собака, и он её очень любил. Однажды собака съела кусок мяса, и он, в порыве гнева, убил её. Эта трагическая история показывает, как быстро могут меняться чувства и как важно сохранять контроль."
]
---------------

Put all data into JSON:
{
  "text": str
}
----------------------------------------
OUTPUT
Любил, убил, страх.
----------------------------------------
INPUT
Перепиши этот текст в текст длиной примерно 6.333333333333333 букв.
---------------
ТЕХТ:
Любил, убил, страх.
---------------

Put all data into JSON:
{
  "text": str
}
----------------------------------------
OUTPUT
Любил, убил, страх.
----------------------------------------
INPUT
Перепиши этот текст в текст длиной примерно 6.333333333333333 букв.
---------------
ТЕХТ:
Любил, убил, страх.
---------------

Put all data into JSON:
{
  "text": str
}
----------------------------------------
OUTPUT
Любил, убил, страх.
----------------------------------------
INPUT
Перепиши этот текст в текст длиной примерно 201 букв.
---------------
ТЕХТ:
У попа была собака, он её любил. Она съела кусок мяса - он её убил.
---------------

Put all data into JSON:
{
  "text": str
}
----------------------------------------
OUTPUT
У священника была собака, он её очень любил. Однажды она съела кусок мяса, и он, в порыве гнева, её убил. Эта трагическая история оставила глубокий след в его душе, напоминая о хрупкости жизни и о том, как легко можно совершить ужасный поступок.
----------------------------------------
INPUT
Перепиши этот текст в текст длиной примерно 735 букв.
---------------
ТЕХТ:
У священника была собака, он её очень любил. Однажды она съела кусок мяса, и он, в порыве гнева, её убил. Эта трагическая история оставила глубокий след в его душе, напоминая о хрупкости жизни и о том, как легко можно совершить ужасный поступок.
---------------

Put all data into JSON:
{
  "text": str
}
----------------------------------------
OUTPUT
У священника была верная собака, и он испытывал к ней глубокую привязанность. Однажды, во время прогулки, животное случайно съело кусок мяса, который священник принес с собой. Внезапно, охваченный порывом гнева и разочарования, он совершил ужасный поступок – убил свою любимую собаку. Эта трагическая и невообразимая история оставила глубокий, невыносимый след в его душе, напоминая о хрупкости человеческой жизни, о том, как легко, даже в самый неожиданный момент, можно совершить ужасный и непоправимый поступок. 

Священник, человек, призванный к милосердию и состраданию, оказался не в силах сдержать свой гнев, и его действия стали для него невыносимым бременем. Эта история стала для него символом его собственной слабости и несовершенства, напоминанием о том, что даже самые благочестивые люди могут поддаться темным сторонам своей души. 

После этого события он долго не мог найти в себе сил, его мучили кошмары и воспоминания о случившемся. Он чувствовал себя виноватым и преданным, осознавая, что его поступок навсегда изменил его жизнь и его отношение к окружающему миру. Эта трагедия стала для него болезненным уроком о важности контроля над своими эмоциями и о том, как легко можно потерять не только жизнь другого существа, но и частичку своей души.  Его поступок, совершённый в порыве гнева, навсегда останется в его памяти, как символ его собственной трагедии и напоминание о том, что даже самые благие намерения могут привести к ужасным последствиям, если не контролировать свои чувства и не проявлять сострадание.
----------------------------------------
INPUT
Перепиши этот текст в текст длиной примерно 510.3333333333333 букв.
---------------
ТЕХТ:
У священника была верная собака, и он испытывал к ней глубокую привязанность. Однажды, во время прогулки, животное случайно съело кусок мяса, который священник принес с собой. Внезапно, охваченный порывом гнева и разочарования, он совершил ужасный поступок – убил свою любимую собаку. Эта трагическая и невообразимая история оставила глубокий, невыносимый след в его душе, напоминая о хрупкости человеческой жизни, о том, как легко, даже в самый неожиданный момент, можно совершить ужасный и непоправимый поступок. 

Священник, человек, призванный к милосердию и состраданию, оказался не в силах сдержать свой гнев, и его действия стали для него невыносимым бременем. Эта история стала для него символом его собственной слабости и несовершенства, напоминанием о том, что даже самые благочестивые люди могут поддаться темным сторонам своей души. 

После этого события он долго не мог найти в себе сил, его мучили кошмары и воспоминания о случившемся. Он чувствовал себя виноватым и преданным, осознавая, что его поступок навсегда изменил его жизнь и его отношение к окружающему миру. Эта трагедия стала для него болезненным уроком о важности контроля над своими эмоциями и о том, как легко можно потерять не только жизнь другого существа, но и частичку своей души.  Его поступок, совершённый в порыве гнева, навсегда останется в его памяти, как символ его собственной трагедии и напоминание о том, что даже самые благие намерения могут привести к ужасным последствиям, если не контролировать свои чувства и не проявлять сострадание.
---------------

Put all data into JSON:
{
  "text": str
}
----------------------------------------
INPUT
Перепиши этот текст в текст длиной примерно 201 букв.
---------------
ТЕХТ:
У попа была собака, он её любил. Она съела кусок мяса - он её убил.
---------------

Put all data into JSON:
{
  "text": str
}
----------------------------------------
OUTPUT
У священника была собака, он её очень любил. Однажды она съела кусок мяса, и он, в порыве гнева, её убил. Эта трагическая история оставила глубокий след в его душе, напоминая о хрупкости жизни и о том, как легко можно совершить ужасный поступок.
----------------------------------------
INPUT
Перепиши этот текст в текст длиной примерно 735 букв.
---------------
ТЕХТ:
У священника была собака, он её очень любил. Однажды она съела кусок мяса, и он, в порыве гнева, её убил. Эта трагическая история оставила глубокий след в его душе, напоминая о хрупкости жизни и о том, как легко можно совершить ужасный поступок.
---------------

Put all data into JSON:
{
  "text": str
}
----------------------------------------
OUTPUT
У священника была верная собака, и он испытывал к ней глубокую привязанность. Однажды, во время прогулки, животное случайно съело кусок мяса, который священник принес с собой. Внезапно, охваченный порывом гнева и разочарования, он совершил ужасный поступок – убил свою любимую собаку. Эта трагическая и невообразимая история оставила глубокий, невыносимый след в его душе, напоминая о хрупкости человеческой жизни, о том, как легко, даже в самый неожиданный момент, можно совершить ужасный и непоправимый поступок. 

Священник, человек, призванный к милосердию и состраданию, оказался не в силах сдержать свой гнев, и его действия стали для него невыносимым бременем. Эта история стала для него символом его собственной слабости и несовершенства, напоминанием о том, что даже самые благочестивые люди могут поддаться темным сторонам своей души. 

После этого события он долго не мог найти в себе сил, его мучили кошмары и воспоминания о случившемся. Он чувствовал себя виноватым и преданным, осознавая, что его поступок навсегда изменил его жизнь и его отношение к окружающему миру. Эта трагедия стала для него болезненным уроком о важности контроля над своими эмоциями и о том, как легко можно потерять не только жизнь другого существа, но и частичку своей души.  Его поступок, совершённый в порыве гнева, навсегда останется в его памяти, как символ его собственной трагедии и напоминание о том, что даже самые благие намерения могут привести к ужасным последствиям, если не контролировать свои чувства и не проявлять сострадание.
----------------------------------------
INPUT
Перепиши этот текст в текст длиной примерно 510.3333333333333 букв.
---------------
ТЕХТ:
У священника была верная собака, и он испытывал к ней глубокую привязанность. Однажды, во время прогулки, животное случайно съело кусок мяса, который священник принес с собой. Внезапно, охваченный порывом гнева и разочарования, он совершил ужасный поступок – убил свою любимую собаку. Эта трагическая и невообразимая история оставила глубокий, невыносимый след в его душе, напоминая о хрупкости человеческой жизни, о том, как легко, даже в самый неожиданный момент, можно совершить ужасный и непоправимый поступок. 

Священник, человек, призванный к милосердию и состраданию, оказался не в силах сдержать свой гнев, и его действия стали для него невыносимым бременем. Эта история стала для него символом его собственной слабости и несовершенства, напоминанием о том, что даже самые благочестивые люди могут поддаться темным сторонам своей души. 

После этого события он долго не мог найти в себе сил, его мучили кошмары и воспоминания о случившемся. Он чувствовал себя виноватым и преданным, осознавая, что его поступок навсегда изменил его жизнь и его отношение к окружающему миру. Эта трагедия стала для него болезненным уроком о важности контроля над своими эмоциями и о том, как легко можно потерять не только жизнь другого существа, но и частичку своей души.  Его поступок, совершённый в порыве гнева, навсегда останется в его памяти, как символ его собственной трагедии и напоминание о том, что даже самые благие намерения могут привести к ужасным последствиям, если не контролировать свои чувства и не проявлять сострадание.
---------------

Put all data into JSON:
{
  "text": str
}
----------------------------------------
INPUT
Перепиши этот текст в текст длиной примерно 201 букв.
---------------
ТЕХТ:
У попа была собака, он её любил. Она съела кусок мяса - он её убил.
---------------

Put all data into JSON:
{
  "text": str
}
----------------------------------------
OUTPUT
У священника была собака, он её очень любил. Однажды она съела кусок мяса, и он, в порыве гнева, её убил. Эта трагическая история оставила глубокий след в его душе, напоминая о хрупкости жизни и о том, как легко можно совершить ужасный поступок.
----------------------------------------
INPUT
Перепиши этот текст в текст длиной примерно 735 букв.
---------------
ТЕХТ:
У священника была собака, он её очень любил. Однажды она съела кусок мяса, и он, в порыве гнева, её убил. Эта трагическая история оставила глубокий след в его душе, напоминая о хрупкости жизни и о том, как легко можно совершить ужасный поступок.
---------------

Put all data into JSON:
{
  "text": str
}
----------------------------------------
OUTPUT
У священника была верная собака, и он испытывал к ней глубокую привязанность. Однажды, во время прогулки, животное случайно съело кусок мяса, который священник принес с собой. Внезапно, охваченный порывом гнева и разочарования, он совершил ужасный поступок – убил свою любимую собаку. Эта трагическая и невообразимая история оставила глубокий, невыносимый след в его душе, напоминая о хрупкости человеческой жизни, о том, как легко, даже в самый неожиданный момент, можно совершить ужасный и непоправимый поступок. 

Священник, человек, призванный к милосердию и состраданию, оказался не в силах сдержать свой гнев, и его действия стали для него невыносимым бременем. Эта история стала для него символом его собственной слабости и несовершенства, напоминанием о том, что даже самые благочестивые люди могут поддаться темным сторонам своей души. 

После этого события он долго не мог найти в себе сил, его мучили кошмары и воспоминания о случившемся. Он чувствовал себя виноватым и преданным, осознавая, что его поступок навсегда изменил его жизнь и его отношение к окружающему миру. Эта трагедия стала для него болезненным уроком о важности контроля над своими эмоциями и о том, как легко можно потерять не только жизнь другого существа, но и частичку своей души.  Его поступок, совершённый в порыве гнева, навсегда останется в его памяти, как символ его собственной трагедии и напоминание о том, что даже самые благие намерения могут привести к ужасным последствиям, если не контролировать свои чувства и не проявлять сострадание.
----------------------------------------
INPUT
Перепиши этот текст в текст длиной примерно 510 букв.
---------------
ТЕХТ:
У священника была верная собака, и он испытывал к ней глубокую привязанность. Однажды, во время прогулки, животное случайно съело кусок мяса, который священник принес с собой. Внезапно, охваченный порывом гнева и разочарования, он совершил ужасный поступок – убил свою любимую собаку. Эта трагическая и невообразимая история оставила глубокий, невыносимый след в его душе, напоминая о хрупкости человеческой жизни, о том, как легко, даже в самый неожиданный момент, можно совершить ужасный и непоправимый поступок. 

Священник, человек, призванный к милосердию и состраданию, оказался не в силах сдержать свой гнев, и его действия стали для него невыносимым бременем. Эта история стала для него символом его собственной слабости и несовершенства, напоминанием о том, что даже самые благочестивые люди могут поддаться темным сторонам своей души. 

После этого события он долго не мог найти в себе сил, его мучили кошмары и воспоминания о случившемся. Он чувствовал себя виноватым и преданным, осознавая, что его поступок навсегда изменил его жизнь и его отношение к окружающему миру. Эта трагедия стала для него болезненным уроком о важности контроля над своими эмоциями и о том, как легко можно потерять не только жизнь другого существа, но и частичку своей души.  Его поступок, совершённый в порыве гнева, навсегда останется в его памяти, как символ его собственной трагедии и напоминание о том, что даже самые благие намерения могут привести к ужасным последствиям, если не контролировать свои чувства и не проявлять сострадание.
---------------

Put all data into JSON:
{
  "text": str
}
----------------------------------------
INPUT
Перепиши этот текст в текст длиной примерно 201 букв.
---------------
ТЕХТ:
У попа была собака, он её любил. Она съела кусок мяса - он её убил.
---------------

Put all data into JSON:
{
  "text": str
}
----------------------------------------
OUTPUT
У священника была собака, он её очень любил. Однажды она съела кусок мяса, и он, в порыве гнева, её убил. Эта трагическая история оставила глубокий след в его душе, напоминая о хрупкости жизни и о том, как легко можно совершить ужасный поступок.
----------------------------------------
INPUT
Перепиши этот текст в текст длиной примерно 735 букв.
---------------
ТЕХТ:
У священника была собака, он её очень любил. Однажды она съела кусок мяса, и он, в порыве гнева, её убил. Эта трагическая история оставила глубокий след в его душе, напоминая о хрупкости жизни и о том, как легко можно совершить ужасный поступок.
---------------

Put all data into JSON:
{
  "text": str
}
----------------------------------------
INPUT
Перепиши этот текст в текст длиной примерно 201 букв.
---------------
ТЕХТ:
У попа была собака, он её любил. Она съела кусок мяса - он её убил.
---------------

Put all data into JSON:
{
  "text": str
}
----------------------------------------
OUTPUT
У священника была собака, он её очень любил. Однажды она съела кусок мяса, и он, в порыве гнева, её убил. Эта трагическая история оставила глубокий след в его душе, напоминая о хрупкости жизни и о том, как легко можно совершить ужасный поступок.
----------------------------------------
INPUT
Перепиши этот текст в текст длиной примерно 735 букв.
---------------
ТЕХТ:
У священника была собака, он её очень любил. Однажды она съела кусок мяса, и он, в порыве гнева, её убил. Эта трагическая история оставила глубокий след в его душе, напоминая о хрупкости жизни и о том, как легко можно совершить ужасный поступок.
---------------

Put all data into JSON:
{
  "text": str
}
----------------------------------------
OUTPUT
У священника была верная собака, и он испытывал к ней глубокую привязанность. Однажды, во время прогулки, животное случайно съело кусок мяса, который священник принес с собой. Внезапно, охваченный порывом гнева и разочарования, он совершил ужасный поступок – убил свою любимую собаку. Эта трагическая и невообразимая история оставила глубокий, невыносимый след в его душе, напоминая о хрупкости человеческой жизни, о том, как легко, даже в самый неожиданный момент, можно совершить ужасный и непоправимый поступок. 

Священник, человек, призванный к милосердию и состраданию, оказался не в силах сдержать свой гнев, и его действия стали для него невыносимым бременем. Эта история стала для него символом его собственной слабости и несовершенства, напоминанием о том, что даже самые благочестивые люди могут поддаться темным сторонам своей души. 

После этого события он долго не мог найти в себе сил, его мучили кошмары и воспоминания о случившемся. Он чувствовал себя виноватым и преданным, осознавая, что его поступок навсегда изменил его жизнь и его отношение к окружающему миру. Эта трагедия стала для него болезненным уроком о важности контроля над своими эмоциями и о том, как легко можно потерять не только жизнь другого существа, но и частичку своей души.  Его поступок, совершённый в порыве гнева, навсегда останется в его памяти, как символ его собственной трагедии и напоминание о том, что даже самые благие намерения могут привести к ужасным последствиям, если не контролировать свои чувства и не проявлять сострадание.
----------------------------------------
INPUT
Перепиши этот текст в текст длиной примерно 510 букв.
---------------
ТЕХТ:
У священника была верная собака, и он испытывал к ней глубокую привязанность. Однажды, во время прогулки, животное случайно съело кусок мяса, который священник принес с собой. Внезапно, охваченный порывом гнева и разочарования, он совершил ужасный поступок – убил свою любимую собаку. Эта трагическая и невообразимая история оставила глубокий, невыносимый след в его душе, напоминая о хрупкости человеческой жизни, о том, как легко, даже в самый неожиданный момент, можно совершить ужасный и непоправимый поступок. 

Священник, человек, призванный к милосердию и состраданию, оказался не в силах сдержать свой гнев, и его действия стали для него невыносимым бременем. Эта история стала для него символом его собственной слабости и несовершенства, напоминанием о том, что даже самые благочестивые люди могут поддаться темным сторонам своей души. 

После этого события он долго не мог найти в себе сил, его мучили кошмары и воспоминания о случившемся. Он чувствовал себя виноватым и преданным, осознавая, что его поступок навсегда изменил его жизнь и его отношение к окружающему миру. Эта трагедия стала для него болезненным уроком о важности контроля над своими эмоциями и о том, как легко можно потерять не только жизнь другого существа, но и частичку своей души.  Его поступок, совершённый в порыве гнева, навсегда останется в его памяти, как символ его собственной трагедии и напоминание о том, что даже самые благие намерения могут привести к ужасным последствиям, если не контролировать свои чувства и не проявлять сострадание.
---------------

Put all data into JSON:
{
  "text": str
}
----------------------------------------
INPUT
Перепиши этот текст в текст длиной примерно 201 букв.
---------------
ТЕХТ:
У попа была собака, он её любил. Она съела кусок мяса - он её убил.
---------------

Put all data into JSON:
{
  "text": str
}
----------------------------------------
OUTPUT
У священника была собака, он её очень любил. Однажды она съела кусок мяса, и он, в порыве гнева, её убил. Эта трагическая история оставила глубокий след в его душе, напоминая о хрупкости жизни и о том, как легко можно совершить ужасный поступок.
----------------------------------------
INPUT
Перепиши этот текст в текст длиной примерно 735 букв.
---------------
ТЕХТ:
У священника была собака, он её очень любил. Однажды она съела кусок мяса, и он, в порыве гнева, её убил. Эта трагическая история оставила глубокий след в его душе, напоминая о хрупкости жизни и о том, как легко можно совершить ужасный поступок.
---------------

Put all data into JSON:
{
  "text": str
}
----------------------------------------
OUTPUT
У священника была верная собака, и он испытывал к ней глубокую привязанность. Однажды, во время прогулки, животное случайно съело кусок мяса, который священник принес с собой. Внезапно, охваченный порывом гнева и разочарования, он совершил ужасный поступок – убил свою любимую собаку. Эта трагическая и невообразимая история оставила глубокий, невыносимый след в его душе, напоминая о хрупкости человеческой жизни, о том, как легко, даже в самый неожиданный момент, можно совершить ужасный и непоправимый поступок. 

Священник, человек, призванный к милосердию и состраданию, оказался не в силах сдержать свой гнев, и его действия стали для него невыносимым бременем. Эта история стала для него символом его собственной слабости и несовершенства, напоминанием о том, что даже самые благочестивые люди могут поддаться темным сторонам своей души. 

После этого события он долго не мог найти в себе сил, его мучили кошмары и воспоминания о случившемся. Он чувствовал себя виноватым и преданным, осознавая, что его поступок навсегда изменил его жизнь и его отношение к окружающему миру. Эта трагедия стала для него болезненным уроком о важности контроля над своими эмоциями и о том, как легко можно потерять не только жизнь другого существа, но и частичку своей души.  Его поступок, совершённый в порыве гнева, навсегда останется в его памяти, как символ его собственной трагедии и напоминание о том, что даже самые благие намерения могут привести к ужасным последствиям, если не контролировать свои чувства и не проявлять сострадание.
----------------------------------------
INPUT
Перепиши этот текст в текст длиной примерно 510 букв.
---------------
ТЕХТ:
У священника была верная собака, и он испытывал к ней глубокую привязанность. Однажды, во время прогулки, животное случайно съело кусок мяса, который священник принес с собой. Внезапно, охваченный порывом гнева и разочарования, он совершил ужасный поступок – убил свою любимую собаку. Эта трагическая и невообразимая история оставила глубокий, невыносимый след в его душе, напоминая о хрупкости человеческой жизни, о том, как легко, даже в самый неожиданный момент, можно совершить ужасный и непоправимый поступок. 

Священник, человек, призванный к милосердию и состраданию, оказался не в силах сдержать свой гнев, и его действия стали для него невыносимым бременем. Эта история стала для него символом его собственной слабости и несовершенства, напоминанием о том, что даже самые благочестивые люди могут поддаться темным сторонам своей души. 

После этого события он долго не мог найти в себе сил, его мучили кошмары и воспоминания о случившемся. Он чувствовал себя виноватым и преданным, осознавая, что его поступок навсегда изменил его жизнь и его отношение к окружающему миру. Эта трагедия стала для него болезненным уроком о важности контроля над своими эмоциями и о том, как легко можно потерять не только жизнь другого существа, но и частичку своей души.  Его поступок, совершённый в порыве гнева, навсегда останется в его памяти, как символ его собственной трагедии и напоминание о том, что даже самые благие намерения могут привести к ужасным последствиям, если не контролировать свои чувства и не проявлять сострадание.
---------------

Put all data into JSON:
{
  "text": str
}
----------------------------------------
INPUT
Перепиши этот текст в текст длиной примерно 201 букв.
---------------
ТЕХТ:
У попа была собака, он её любил. Она съела кусок мяса - он её убил.
---------------

Put all data into JSON:
{
  "text": str
}
----------------------------------------
OUTPUT
У священника была собака, он её очень любил. Однажды она съела кусок мяса, и он, в порыве гнева, её убил. Эта трагическая история оставила глубокий след в его душе, напоминая о хрупкости жизни и о том, как легко можно совершить ужасный поступок.
----------------------------------------
INPUT
Перепиши этот текст в текст длиной примерно 735 букв.
---------------
ТЕХТ:
У священника была собака, он её очень любил. Однажды она съела кусок мяса, и он, в порыве гнева, её убил. Эта трагическая история оставила глубокий след в его душе, напоминая о хрупкости жизни и о том, как легко можно совершить ужасный поступок.
---------------

Put all data into JSON:
{
  "text": str
}
----------------------------------------
OUTPUT
У священника была верная собака, и он испытывал к ней глубокую привязанность. Однажды, во время прогулки, животное случайно съело кусок мяса, который священник принес с собой. Внезапно, охваченный порывом гнева и разочарования, он совершил ужасный поступок – убил свою любимую собаку. Эта трагическая и невообразимая история оставила глубокий, невыносимый след в его душе, напоминая о хрупкости человеческой жизни, о том, как легко, даже в самый неожиданный момент, можно совершить ужасный и непоправимый поступок. 

Священник, человек, призванный к милосердию и состраданию, оказался не в силах сдержать свой гнев, и его действия стали для него невыносимым бременем. Эта история стала для него символом его собственной слабости и несовершенства, напоминанием о том, что даже самые благочестивые люди могут поддаться темным сторонам своей души. 

После этого события он долго не мог найти в себе сил, его мучили кошмары и воспоминания о случившемся. Он чувствовал себя виноватым и преданным, осознавая, что его поступок навсегда изменил его жизнь и его отношение к окружающему миру. Эта трагедия стала для него болезненным уроком о важности контроля над своими эмоциями и о том, как легко можно потерять не только жизнь другого существа, но и частичку своей души.  Его поступок, совершённый в порыве гнева, навсегда останется в его памяти, как символ его собственной трагедии и напоминание о том, что даже самые благие намерения могут привести к ужасным последствиям, если не контролировать свои чувства и не проявлять сострадание.
----------------------------------------
INPUT
Перепиши этот текст в текст длиной примерно 510 букв.
---------------
ТЕХТ:
У священника была верная собака, и он испытывал к ней глубокую привязанность. Однажды, во время прогулки, животное случайно съело кусок мяса, который священник принес с собой. Внезапно, охваченный порывом гнева и разочарования, он совершил ужасный поступок – убил свою любимую собаку. Эта трагическая и невообразимая история оставила глубокий, невыносимый след в его душе, напоминая о хрупкости человеческой жизни, о том, как легко, даже в самый неожиданный момент, можно совершить ужасный и непоправимый поступок. 

Священник, человек, призванный к милосердию и состраданию, оказался не в силах сдержать свой гнев, и его действия стали для него невыносимым бременем. Эта история стала для него символом его собственной слабости и несовершенства, напоминанием о том, что даже самые благочестивые люди могут поддаться темным сторонам своей души. 

После этого события он долго не мог найти в себе сил, его мучили кошмары и воспоминания о случившемся. Он чувствовал себя виноватым и преданным, осознавая, что его поступок навсегда изменил его жизнь и его отношение к окружающему миру. Эта трагедия стала для него болезненным уроком о важности контроля над своими эмоциями и о том, как легко можно потерять не только жизнь другого существа, но и частичку своей души.  Его поступок, совершённый в порыве гнева, навсегда останется в его памяти, как символ его собственной трагедии и напоминание о том, что даже самые благие намерения могут привести к ужасным последствиям, если не контролировать свои чувства и не проявлять сострадание.
---------------

Put all data into JSON:
{
  "text": str
}
----------------------------------------
INPUT
Перепиши этот текст в текст длиной примерно 201 букв.
---------------
ТЕХТ:
У попа была собака, он её любил. Она съела кусок мяса - он её убил.
---------------

Put all data into JSON:
{
  "text": str
}
----------------------------------------
OUTPUT
У священника была собака, он её очень любил. Однажды она съела кусок мяса, и он, в порыве гнева, её убил. Эта трагическая история оставила глубокий след в его душе, напоминая о хрупкости жизни и о том, как легко можно совершить ужасный поступок.
----------------------------------------
INPUT
Перепиши этот текст в текст длиной примерно 735 букв.
---------------
ТЕХТ:
У священника была собака, он её очень любил. Однажды она съела кусок мяса, и он, в порыве гнева, её убил. Эта трагическая история оставила глубокий след в его душе, напоминая о хрупкости жизни и о том, как легко можно совершить ужасный поступок.
---------------

Put all data into JSON:
{
  "text": str
}
----------------------------------------
OUTPUT
У священника была верная собака, и он испытывал к ней глубокую привязанность. Однажды, во время прогулки, животное случайно съело кусок мяса, который священник принес с собой. Внезапно, охваченный порывом гнева и разочарования, он совершил ужасный поступок – убил свою любимую собаку. Эта трагическая и невообразимая история оставила глубокий, невыносимый след в его душе, напоминая о хрупкости человеческой жизни, о том, как легко, даже в самый неожиданный момент, можно совершить ужасный и непоправимый поступок. 

Священник, человек, призванный к милосердию и состраданию, оказался не в силах сдержать свой гнев, и его действия стали для него невыносимым бременем. Эта история стала для него символом его собственной слабости и несовершенства, напоминанием о том, что даже самые благочестивые люди могут поддаться темным сторонам своей души. 

После этого события он долго не мог найти в себе сил, его мучили кошмары и воспоминания о случившемся. Он чувствовал себя виноватым и преданным, осознавая, что его поступок навсегда изменил его жизнь и его отношение к окружающему миру. Эта трагедия стала для него болезненным уроком о важности контроля над своими эмоциями и о том, как легко можно потерять не только жизнь другого существа, но и частичку своей души.  Его поступок, совершённый в порыве гнева, навсегда останется в его памяти, как символ его собственной трагедии и напоминание о том, что даже самые благие намерения могут привести к ужасным последствиям, если не контролировать свои чувства и не проявлять сострадание.
----------------------------------------
INPUT
Перепиши этот текст в текст длиной примерно 510 букв.
---------------
ТЕХТ:
У священника была верная собака, и он испытывал к ней глубокую привязанность. Однажды, во время прогулки, животное случайно съело кусок мяса, который священник принес с собой. Внезапно, охваченный порывом гнева и разочарования, он совершил ужасный поступок – убил свою любимую собаку. Эта трагическая и невообразимая история оставила глубокий, невыносимый след в его душе, напоминая о хрупкости человеческой жизни, о том, как легко, даже в самый неожиданный момент, можно совершить ужасный и непоправимый поступок. 

Священник, человек, призванный к милосердию и состраданию, оказался не в силах сдержать свой гнев, и его действия стали для него невыносимым бременем. Эта история стала для него символом его собственной слабости и несовершенства, напоминанием о том, что даже самые благочестивые люди могут поддаться темным сторонам своей души. 

После этого события он долго не мог найти в себе сил, его мучили кошмары и воспоминания о случившемся. Он чувствовал себя виноватым и преданным, осознавая, что его поступок навсегда изменил его жизнь и его отношение к окружающему миру. Эта трагедия стала для него болезненным уроком о важности контроля над своими эмоциями и о том, как легко можно потерять не только жизнь другого существа, но и частичку своей души.  Его поступок, совершённый в порыве гнева, навсегда останется в его памяти, как символ его собственной трагедии и напоминание о том, что даже самые благие намерения могут привести к ужасным последствиям, если не контролировать свои чувства и не проявлять сострадание.
---------------

Put all data into JSON:
{
  "text": str
}
----------------------------------------
INPUT
Перепиши этот текст в текст длиной примерно 201 букв.
---------------
ТЕХТ:
У попа была собака, он её любил. Она съела кусок мяса - он её убил.
---------------

Put all data into JSON:
{
  "text": str
}
----------------------------------------
OUTPUT
У священника была собака, он её очень любил. Однажды она съела кусок мяса, и он, в порыве гнева, её убил. Эта трагическая история оставила глубокий след в его душе, напоминая о хрупкости жизни и о том, как легко можно совершить ужасный поступок.
----------------------------------------
INPUT
Перепиши этот текст в текст длиной примерно 735 букв.
---------------
ТЕХТ:
У священника была собака, он её очень любил. Однажды она съела кусок мяса, и он, в порыве гнева, её убил. Эта трагическая история оставила глубокий след в его душе, напоминая о хрупкости жизни и о том, как легко можно совершить ужасный поступок.
---------------

Put all data into JSON:
{
  "text": str
}
----------------------------------------
OUTPUT
У священника была верная собака, и он испытывал к ней глубокую привязанность. Однажды, во время прогулки, животное случайно съело кусок мяса, который священник принес с собой. Внезапно, охваченный порывом гнева и разочарования, он совершил ужасный поступок – убил свою любимую собаку. Эта трагическая и невообразимая история оставила глубокий, невыносимый след в его душе, напоминая о хрупкости человеческой жизни, о том, как легко, даже в самый неожиданный момент, можно совершить ужасный и непоправимый поступок. 

Священник, человек, призванный к милосердию и состраданию, оказался не в силах сдержать свой гнев, и его действия стали для него невыносимым бременем. Эта история стала для него символом его собственной слабости и несовершенства, напоминанием о том, что даже самые благочестивые люди могут поддаться темным сторонам своей души. 

После этого события он долго не мог найти в себе сил, его мучили кошмары и воспоминания о случившемся. Он чувствовал себя виноватым и преданным, осознавая, что его поступок навсегда изменил его жизнь и его отношение к окружающему миру. Эта трагедия стала для него болезненным уроком о важности контроля над своими эмоциями и о том, как легко можно потерять не только жизнь другого существа, но и частичку своей души.  Его поступок, совершённый в порыве гнева, навсегда останется в его памяти, как символ его собственной трагедии и напоминание о том, что даже самые благие намерения могут привести к ужасным последствиям, если не контролировать свои чувства и не проявлять сострадание.
----------------------------------------
INPUT
Перепиши этот текст в текст длиной примерно 510 букв.
---------------
ТЕХТ:
У священника была верная собака, и он испытывал к ней глубокую привязанность. Однажды, во время прогулки, животное случайно съело кусок мяса, который священник принес с собой. Внезапно, охваченный порывом гнева и разочарования, он совершил ужасный поступок – убил свою любимую собаку. Эта трагическая и невообразимая история оставила глубокий, невыносимый след в его душе, напоминая о хрупкости человеческой жизни, о том, как легко, даже в самый неожиданный момент, можно совершить ужасный и непоправимый поступок. 

Священник, человек, призванный к милосердию и состраданию, оказался не в силах сдержать свой гнев, и его действия стали для него невыносимым бременем. Эта история стала для него символом его собственной слабости и несовершенства, напоминанием о том, что даже самые благочестивые люди могут поддаться темным сторонам своей души. 

После этого события он долго не мог найти в себе сил, его мучили кошмары и воспоминания о случившемся. Он чувствовал себя виноватым и преданным, осознавая, что его поступок навсегда изменил его жизнь и его отношение к окружающему миру. Эта трагедия стала для него болезненным уроком о важности контроля над своими эмоциями и о том, как легко можно потерять не только жизнь другого существа, но и частичку своей души.  Его поступок, совершённый в порыве гнева, навсегда останется в его памяти, как символ его собственной трагедии и напоминание о том, что даже самые благие намерения могут привести к ужасным последствиям, если не контролировать свои чувства и не проявлять сострадание.
---------------

Put all data into JSON:
{
  "text": str
}
----------------------------------------
