У попа была собака, он её любил. Она съела кусок мяса - он её убил.
-------------------
Почему священник убил свою собаку?
-------------------
Этот короткий рассказ представляет собой моральную дилемму. Убийство собаки священником, несмотря на его любовь к ней, вызывает вопросы о его реакции, возможно, о неконтролируемом гневе или импульсе.  Текст не дает прямого ответа, но подразумевает, что его действия были нерациональными и, вероятно, вызванными сильными эмоциями.
-------------------
Почему священник убил собаку, и какие эмоции могли его побудить к этому?
-------------------
Текст предполагает, что действия священника были нерациональными и, скорее всего, обусловлены сильными, неконтролируемыми эмоциями, возможно, гневом.  Он не предоставляет конкретной причины, но указывает на то, что его поступок был вызван не логичным, а эмоциональным импульсом.
-------------------
Почему действия священника, как предполагает текст, были нерациональными?
-------------------
Согласно тексту, действия священника не были рациональными, поскольку они, вероятно, были вызваны сильными, неконтролируемыми эмоциями, в частности, гневом. Текст не указывает конкретную причину, но подчеркивает, что поступок был импульсивным и нелогичным.
-------------------
Почему поступок священника был нерациональным, согласно тексту?
-------------------
Согласно тексту, поступок священника был нерациональным из-за сильных, неконтролируемых эмоций, в частности, гнева, которые, вероятно, вызвали его импульсивность и отсутствие логики.
-------------------
Почему поступок священника был нерациональным, согласно тексту?
-------------------
Поступок священника был нерациональным из-за сильных, неконтролируемых эмоций, в частности, гнева, которые, вероятно, вызвали его импульсивность и отсутствие логики.
-------------------
Почему поступок священника был нерациональным?
-------------------
