Саша, объясни, зачем вообще нужны эти функции в коде?
А нельзя просто скопировать кусок кода туда, где нужно?
Понял. А если функция слишком длинная?
А как функция узнает, с какими данными работать?
А что возвращает функция обратно?
А можно ли внутри функции вызывать другую функцию?
Саша, объясни, зачем вообще нужны эти функции в коде?
А нельзя просто скопировать кусок кода туда, где нужно?
Понял. А если функция слишком длинная?
А как функция узнает, с какими данными работать?
А что возвращает функция обратно?
А можно ли внутри функции вызывать другую функцию?
Саша, объясни, зачем вообще нужны эти функции в коде?
А нельзя просто скопировать кусок кода туда, где нужно?
Понял. А если функция слишком длинная?
А как функция узнает, с какими данными работать?
А что возвращает функция обратно?
А можно ли внутри функции вызывать другую функцию?
Ого, это очень интересно! То есть, можно создавать целые цепочки из этих функций, как будто строить из них что-то... Это как конструктор, только с кодом? А если я случайно вызову функцию не в том порядке, что будет?
Да, именно так! Цепочки функций – это очень мощная штука, позволяющая делать сложные вещи, разбивая их на более простые части. А если вызвать не в том порядке… ну, это как с конструктором: если собрать не так, то не получится то, что нужно, или вообще ничего не получится!
Спасибо, Саша! Я рад, что понял. Мне действительно важно разобраться во всем, чтобы не подводить. Если можно, не могли бы вы привести еще один пример с цепочкой функций, чтобы я лучше усвоил, как это работает на практике?
